<?xml version="1.0" encoding="UTF-8"?>
<testng-results skipped="0" failed="0" total="1" passed="1">
  <reporter-output>
  </reporter-output>
  <suite name="Driverfactory.AppTest" duration-ms="14525" started-at="2019-12-06T07:48:13Z" finished-at="2019-12-06T07:48:27Z">
    <groups>
    </groups>
    <test name="Command line test" duration-ms="14525" started-at="2019-12-06T07:48:13Z" finished-at="2019-12-06T07:48:27Z">
      <class name="Driverfactory.AppTest">
        <test-method status="PASS" signature="f()[pri:0, instance:Driverfactory.AppTest@35fb3008]" name="f" duration-ms="14506" started-at="2019-12-06T13:18:13Z" finished-at="2019-12-06T13:18:27Z">
          <reporter-output>
          </reporter-output>
        </test-method> <!-- f -->
      </class> <!-- Driverfactory.AppTest -->
    </test> <!-- Command line test -->
  </suite> <!-- Driverfactory.AppTest -->
</testng-results>
